<?xml version="1.0" encoding="UTF-8"?>
<testng-results ignored="0" total="1" passed="1" failed="0" skipped="0">
  <reporter-output>
  </reporter-output>
  <suite started-at="2021-04-21T18:15:56 IST" name="Default suite" finished-at="2021-04-21T18:16:10 IST" duration-ms="14100">
    <groups>
    </groups>
    <test started-at="2021-04-21T18:15:56 IST" name="Default test" finished-at="2021-04-21T18:16:10 IST" duration-ms="14100">
      <class name="NpaLoginPageTest">
        <test-method is-config="true" signature="setUp()[pri:0, instance:NpaLoginPageTest@3427b02d]" started-at="2021-04-21T18:15:56 IST" name="setUp" finished-at="2021-04-21T18:16:03 IST" duration-ms="6694" status="PASS">
          <reporter-output>
          </reporter-output>
        </test-method> <!-- setUp -->
        <test-method signature="loginTest()[pri:0, instance:NpaLoginPageTest@3427b02d]" started-at="2021-04-21T18:16:03 IST" name="loginTest" finished-at="2021-04-21T18:16:10 IST" duration-ms="7203" status="PASS">
          <reporter-output>
          </reporter-output>
        </test-method> <!-- loginTest -->
        <test-method is-config="true" signature="teardown()[pri:0, instance:NpaLoginPageTest@3427b02d]" started-at="2021-04-21T18:16:10 IST" name="teardown" finished-at="2021-04-21T18:16:10 IST" duration-ms="163" status="PASS">
          <reporter-output>
          </reporter-output>
        </test-method> <!-- teardown -->
      </class> <!-- NpaLoginPageTest -->
    </test> <!-- Default test -->
  </suite> <!-- Default suite -->
</testng-results>
