<?xml version="1.0" encoding="UTF-8"?>
<testng-results ignored="0" total="1" passed="1" failed="0" skipped="0">
  <reporter-output>
  </reporter-output>
  <suite started-at="2021-04-21T18:17:31 IST" name="Surefire suite" finished-at="2021-04-21T18:17:44 IST" duration-ms="13416">
    <groups>
    </groups>
    <test started-at="2021-04-21T18:17:31 IST" name="Surefire test" finished-at="2021-04-21T18:17:44 IST" duration-ms="13416">
      <class name="NpaLoginPageTest">
        <test-method is-config="true" signature="setUp()[pri:0, instance:NpaLoginPageTest@525f1e4e]" started-at="2021-04-21T18:17:31 IST" name="setUp" finished-at="2021-04-21T18:17:37 IST" duration-ms="6400" status="PASS">
          <reporter-output>
          </reporter-output>
        </test-method> <!-- setUp -->
        <test-method signature="loginTest()[pri:0, instance:NpaLoginPageTest@525f1e4e]" started-at="2021-04-21T18:17:37 IST" name="loginTest" finished-at="2021-04-21T18:17:44 IST" duration-ms="6849" status="PASS">
          <reporter-output>
          </reporter-output>
        </test-method> <!-- loginTest -->
        <test-method is-config="true" signature="teardown()[pri:0, instance:NpaLoginPageTest@525f1e4e]" started-at="2021-04-21T18:17:44 IST" name="teardown" finished-at="2021-04-21T18:17:44 IST" duration-ms="135" status="PASS">
          <reporter-output>
          </reporter-output>
        </test-method> <!-- teardown -->
      </class> <!-- NpaLoginPageTest -->
    </test> <!-- Surefire test -->
  </suite> <!-- Surefire suite -->
</testng-results>
